[05:22:48] [ServerMain/INFO]: Building unoptimized datafixer
[05:22:51] [ServerMain/INFO]: Environment: authHost='https://authserver.mojang.com', accountsHost='https://api.mojang.com', sessionHost='https://sessionserver.mojang.com', servicesHost='https://api.minecraftservices.com', name='PROD'
[05:22:54] [ServerMain/INFO]: Loaded 7 recipes
[05:22:55] [ServerMain/INFO]: Loaded 1179 advancements
[05:22:56] [Server thread/INFO]: Starting minecraft server version 1.19.3
[05:22:56] [Server thread/INFO]: Loading properties
[05:22:56] [Server thread/INFO]: Default game type: SURVIVAL
[05:22:56] [Server thread/INFO]: Generating keypair
[05:22:56] [Server thread/INFO]: Starting Minecraft server on *:25565
[05:22:56] [Server thread/INFO]: Using epoll channel type
[05:22:56] [Server thread/INFO]: Preparing level "world"
[05:23:06] [Server thread/INFO]: Preparing start region for dimension minecraft:overworld
[05:23:15] [Worker-Main-1/INFO]: Preparing spawn area: 0%
[05:23:15] [Worker-Main-1/INFO]: Preparing spawn area: 0%
[05:23:15] [Worker-Main-1/INFO]: Preparing spawn area: 0%
[05:23:15] [Worker-Main-1/INFO]: Preparing spawn area: 0%
[05:23:15] [Worker-Main-1/INFO]: Preparing spawn area: 0%
[05:23:15] [Worker-Main-1/INFO]: Preparing spawn area: 0%
[05:23:16] [Worker-Main-1/INFO]: Preparing spawn area: 0%
[05:23:16] [Worker-Main-1/INFO]: Preparing spawn area: 0%
[05:23:16] [Worker-Main-1/INFO]: Preparing spawn area: 0%
[05:23:16] [Worker-Main-1/INFO]: Preparing spawn area: 0%
[05:23:16] [Worker-Main-1/INFO]: Preparing spawn area: 0%
[05:23:16] [Worker-Main-1/INFO]: Preparing spawn area: 0%
[05:23:16] [Worker-Main-1/INFO]: Preparing spawn area: 0%
[05:23:16] [Worker-Main-1/INFO]: Preparing spawn area: 0%
[05:23:16] [Worker-Main-1/INFO]: Preparing spawn area: 0%
[05:23:16] [Worker-Main-1/INFO]: Preparing spawn area: 0%
[05:23:16] [Worker-Main-1/INFO]: Preparing spawn area: 0%
[05:23:16] [Worker-Main-1/INFO]: Preparing spawn area: 0%
[05:23:16] [Worker-Main-1/INFO]: Preparing spawn area: 0%
[05:23:16] [Worker-Main-1/INFO]: Preparing spawn area: 0%
[05:23:16] [Worker-Main-1/INFO]: Preparing spawn area: 0%
[05:23:17] [Worker-Main-1/INFO]: Preparing spawn area: 0%
[05:23:17] [Worker-Main-1/INFO]: Preparing spawn area: 0%
[05:23:18] [Worker-Main-1/INFO]: Preparing spawn area: 0%
[05:23:18] [Worker-Main-1/INFO]: Preparing spawn area: 4%
[05:23:19] [Worker-Main-1/INFO]: Preparing spawn area: 12%
[05:23:20] [Server thread/INFO]: Time elapsed: 13131 ms
[05:23:20] [Server thread/INFO]: Done (23.065s)! For help, type "help"
[05:23:20] [Server thread/INFO]: Starting GS4 status listener
[05:23:20] [Server thread/INFO]: Thread Query Listener started
[05:23:20] [Query Listener #1/INFO]: Query running on 0.0.0.0:25565
[05:23:22] [User Authenticator #1/INFO]: UUID of player lil_cheesy_ is 0a8cb316-4cba-46a3-80cb-ab3854e59b7e
[05:23:22] [Server thread/INFO]: lil_cheesy_[/76.10.5.227:65177] logged in with entity id 198 at (22.35495694492727, 64.0, -8.12948121934439)
[05:23:22] [Server thread/INFO]: lil_cheesy_ joined the game
[05:25:04] [Server thread/INFO]: [Not Secure] [Server] Shutting down
[05:25:04] [Server thread/INFO]: Stopping the server
[05:25:04] [Server thread/INFO]: Unknown or incomplete command, see below for error
[05:25:04] [Server thread/INFO]: exit<--[HERE]
[05:25:04] [Server thread/INFO]: Stopping server
[05:25:04] [Server thread/INFO]: Saving players
[05:25:04] [Server thread/INFO]: lil_cheesy_ lost connection: Server closed
[05:25:04] [Server thread/INFO]: lil_cheesy_ left the game
[05:25:04] [Server thread/INFO]: Saving worlds
[05:25:07] [Server thread/INFO]: Saving chunks for level 'ServerLevel[world]'/minecraft:overworld
[05:25:08] [Server thread/INFO]: Saving chunks for level 'ServerLevel[world]'/minecraft:the_end
[05:25:08] [Server thread/INFO]: Saving chunks for level 'ServerLevel[world]'/minecraft:the_nether
[05:25:08] [Server thread/INFO]: ThreadedAnvilChunkStorage (world): All chunks are saved
[05:25:08] [Server thread/INFO]: ThreadedAnvilChunkStorage (DIM1): All chunks are saved
[05:25:08] [Server thread/INFO]: ThreadedAnvilChunkStorage (DIM-1): All chunks are saved
[05:25:08] [Server thread/INFO]: ThreadedAnvilChunkStorage: All dimensions are saved
[05:25:08] [Server thread/INFO]: Thread Query Listener stopped
