[03:54:28] [ServerMain/INFO]: Building unoptimized datafixer
[03:54:34] [ServerMain/INFO]: Environment: authHost='https://authserver.mojang.com', accountsHost='https://api.mojang.com', sessionHost='https://sessionserver.mojang.com', servicesHost='https://api.minecraftservices.com', name='PROD'
[03:54:39] [ServerMain/INFO]: Loaded 7 recipes
[03:54:40] [ServerMain/INFO]: Loaded 1179 advancements
[03:54:40] [Server thread/INFO]: Starting minecraft server version 1.19.3
[03:54:40] [Server thread/INFO]: Loading properties
[03:54:40] [Server thread/INFO]: Default game type: SURVIVAL
[03:54:40] [Server thread/INFO]: Generating keypair
[03:54:41] [Server thread/INFO]: Starting Minecraft server on *:25565
[03:54:41] [Server thread/INFO]: Using epoll channel type
[03:54:41] [Server thread/INFO]: Preparing level "world"
[03:54:49] [Server thread/INFO]: Preparing start region for dimension minecraft:overworld
[03:54:57] [Worker-Main-1/INFO]: Preparing spawn area: 0%
[03:54:57] [Worker-Main-1/INFO]: Preparing spawn area: 0%
[03:54:57] [Worker-Main-1/INFO]: Preparing spawn area: 0%
[03:54:57] [Worker-Main-1/INFO]: Preparing spawn area: 0%
[03:54:57] [Worker-Main-1/INFO]: Preparing spawn area: 0%
[03:54:57] [Worker-Main-1/INFO]: Preparing spawn area: 0%
[03:54:57] [Worker-Main-1/INFO]: Preparing spawn area: 0%
[03:54:57] [Worker-Main-1/INFO]: Preparing spawn area: 0%
[03:54:57] [Worker-Main-1/INFO]: Preparing spawn area: 0%
[03:54:57] [Worker-Main-1/INFO]: Preparing spawn area: 0%
[03:54:57] [Worker-Main-1/INFO]: Preparing spawn area: 0%
[03:54:57] [Worker-Main-1/INFO]: Preparing spawn area: 0%
[03:54:57] [Worker-Main-1/INFO]: Preparing spawn area: 0%
[03:54:57] [Worker-Main-1/INFO]: Preparing spawn area: 0%
[03:54:57] [Worker-Main-1/INFO]: Preparing spawn area: 0%
[03:54:57] [Worker-Main-1/INFO]: Preparing spawn area: 0%
[03:54:57] [Worker-Main-1/INFO]: Preparing spawn area: 0%
[03:54:58] [Worker-Main-1/INFO]: Preparing spawn area: 0%
[03:54:58] [Worker-Main-1/INFO]: Preparing spawn area: 0%
[03:54:59] [Worker-Main-1/INFO]: Preparing spawn area: 0%
[03:54:59] [Worker-Main-1/INFO]: Preparing spawn area: 0%
[03:55:00] [Worker-Main-1/INFO]: Preparing spawn area: 6%
[03:55:00] [Worker-Main-1/INFO]: Preparing spawn area: 28%
[03:55:01] [Server thread/INFO]: Time elapsed: 11601 ms
[03:55:01] [Server thread/INFO]: Done (19.905s)! For help, type "help"
[03:55:01] [Server thread/INFO]: Starting GS4 status listener
[03:55:01] [Server thread/INFO]: Thread Query Listener started
[03:55:01] [Query Listener #1/INFO]: Query running on 0.0.0.0:25565
[03:59:02] [Server thread/INFO]: [Not Secure] [Server] Shutting down
[03:59:02] [Server thread/INFO]: Stopping the server
[03:59:02] [Server thread/INFO]: Unknown or incomplete command, see below for error
[03:59:02] [Server thread/INFO]: exit<--[HERE]
[03:59:02] [Server thread/INFO]: Stopping server
[03:59:02] [Server thread/INFO]: Saving players
[03:59:02] [Server thread/INFO]: Saving worlds
[03:59:05] [Server thread/INFO]: Saving chunks for level 'ServerLevel[world]'/minecraft:overworld
[03:59:05] [Server thread/INFO]: Saving chunks for level 'ServerLevel[world]'/minecraft:the_end
[03:59:05] [Server thread/INFO]: Saving chunks for level 'ServerLevel[world]'/minecraft:the_nether
[03:59:05] [Server thread/INFO]: ThreadedAnvilChunkStorage (world): All chunks are saved
[03:59:05] [Server thread/INFO]: ThreadedAnvilChunkStorage (DIM1): All chunks are saved
[03:59:05] [Server thread/INFO]: ThreadedAnvilChunkStorage (DIM-1): All chunks are saved
[03:59:05] [Server thread/INFO]: ThreadedAnvilChunkStorage: All dimensions are saved
[03:59:05] [Server thread/INFO]: Thread Query Listener stopped
