[04:07:32] [ServerMain/INFO]: Building unoptimized datafixer
[04:07:34] [ServerMain/INFO]: Environment: authHost='https://authserver.mojang.com', accountsHost='https://api.mojang.com', sessionHost='https://sessionserver.mojang.com', servicesHost='https://api.minecraftservices.com', name='PROD'
[04:07:37] [ServerMain/INFO]: Loaded 7 recipes
[04:07:38] [ServerMain/INFO]: Loaded 1179 advancements
[04:07:39] [Server thread/INFO]: Starting minecraft server version 1.19.3
[04:07:39] [Server thread/INFO]: Loading properties
[04:07:39] [Server thread/INFO]: Default game type: SURVIVAL
[04:07:39] [Server thread/INFO]: Generating keypair
[04:07:39] [Server thread/INFO]: Starting Minecraft server on *:25565
[04:07:39] [Server thread/INFO]: Using epoll channel type
[04:07:39] [Server thread/INFO]: Preparing level "world"
[04:07:48] [Server thread/INFO]: Preparing start region for dimension minecraft:overworld
[04:07:56] [Worker-Main-1/INFO]: Preparing spawn area: 0%
[04:07:56] [Worker-Main-1/INFO]: Preparing spawn area: 0%
[04:07:56] [Worker-Main-1/INFO]: Preparing spawn area: 0%
[04:07:56] [Worker-Main-1/INFO]: Preparing spawn area: 0%
[04:07:56] [Worker-Main-1/INFO]: Preparing spawn area: 0%
[04:07:56] [Worker-Main-1/INFO]: Preparing spawn area: 0%
[04:07:56] [Worker-Main-1/INFO]: Preparing spawn area: 0%
[04:07:56] [Worker-Main-1/INFO]: Preparing spawn area: 0%
[04:07:56] [Worker-Main-1/INFO]: Preparing spawn area: 0%
[04:07:56] [Worker-Main-1/INFO]: Preparing spawn area: 0%
[04:07:56] [Worker-Main-1/INFO]: Preparing spawn area: 0%
[04:07:56] [Worker-Main-1/INFO]: Preparing spawn area: 0%
[04:07:56] [Worker-Main-1/INFO]: Preparing spawn area: 0%
[04:07:56] [Worker-Main-1/INFO]: Preparing spawn area: 0%
[04:07:56] [Worker-Main-1/INFO]: Preparing spawn area: 0%
[04:07:56] [Worker-Main-1/INFO]: Preparing spawn area: 0%
[04:07:56] [Worker-Main-1/INFO]: Preparing spawn area: 0%
[04:07:56] [Worker-Main-1/INFO]: Preparing spawn area: 0%
[04:07:57] [Worker-Main-1/INFO]: Preparing spawn area: 0%
[04:07:57] [Worker-Main-1/INFO]: Preparing spawn area: 0%
[04:07:58] [Worker-Main-1/INFO]: Preparing spawn area: 0%
[04:07:58] [Worker-Main-1/INFO]: Preparing spawn area: 0%
[04:07:59] [Worker-Main-1/INFO]: Preparing spawn area: 0%
[04:07:59] [Worker-Main-1/INFO]: Preparing spawn area: 24%
[04:08:00] [Worker-Main-1/INFO]: Preparing spawn area: 98%
[04:08:00] [Server thread/INFO]: Time elapsed: 12500 ms
[04:08:00] [Server thread/INFO]: Done (21.123s)! For help, type "help"
[04:08:00] [Server thread/INFO]: Starting GS4 status listener
[04:08:00] [Server thread/INFO]: Thread Query Listener started
[04:08:00] [Query Listener #1/INFO]: Query running on 0.0.0.0:25565
[04:12:02] [Server thread/INFO]: [Not Secure] [Server] Shutting down
[04:12:02] [Server thread/INFO]: Stopping the server
[04:12:02] [Server thread/INFO]: Unknown or incomplete command, see below for error
[04:12:02] [Server thread/INFO]: exit<--[HERE]
[04:12:02] [Server thread/INFO]: Stopping server
[04:12:02] [Server thread/INFO]: Saving players
[04:12:02] [Server thread/INFO]: Saving worlds
[04:12:04] [Server thread/INFO]: Saving chunks for level 'ServerLevel[world]'/minecraft:overworld
[04:12:06] [Server thread/INFO]: Saving chunks for level 'ServerLevel[world]'/minecraft:the_end
[04:12:06] [Server thread/INFO]: Saving chunks for level 'ServerLevel[world]'/minecraft:the_nether
[04:12:06] [Server thread/INFO]: ThreadedAnvilChunkStorage (world): All chunks are saved
[04:12:06] [Server thread/INFO]: ThreadedAnvilChunkStorage (DIM1): All chunks are saved
[04:12:06] [Server thread/INFO]: ThreadedAnvilChunkStorage (DIM-1): All chunks are saved
[04:12:06] [Server thread/INFO]: ThreadedAnvilChunkStorage: All dimensions are saved
[04:12:06] [Server thread/INFO]: Thread Query Listener stopped
