[04:28:28] [ServerMain/INFO]: Building unoptimized datafixer
[04:28:30] [ServerMain/INFO]: Environment: authHost='https://authserver.mojang.com', accountsHost='https://api.mojang.com', sessionHost='https://sessionserver.mojang.com', servicesHost='https://api.minecraftservices.com', name='PROD'
[04:28:34] [ServerMain/INFO]: Loaded 7 recipes
[04:28:34] [ServerMain/INFO]: Loaded 1179 advancements
[04:28:35] [Server thread/INFO]: Starting minecraft server version 1.19.3
[04:28:35] [Server thread/INFO]: Loading properties
[04:28:35] [Server thread/INFO]: Default game type: SURVIVAL
[04:28:35] [Server thread/INFO]: Generating keypair
[04:28:35] [Server thread/INFO]: Starting Minecraft server on *:25565
[04:28:35] [Server thread/INFO]: Using epoll channel type
[04:28:35] [Server thread/INFO]: Preparing level "world"
[04:28:44] [Server thread/INFO]: Preparing start region for dimension minecraft:overworld
[04:28:51] [Worker-Main-1/INFO]: Preparing spawn area: 0%
[04:28:51] [Worker-Main-1/INFO]: Preparing spawn area: 0%
[04:28:51] [Worker-Main-1/INFO]: Preparing spawn area: 0%
[04:28:51] [Worker-Main-1/INFO]: Preparing spawn area: 0%
[04:28:51] [Worker-Main-1/INFO]: Preparing spawn area: 0%
[04:28:51] [Worker-Main-1/INFO]: Preparing spawn area: 0%
[04:28:51] [Worker-Main-1/INFO]: Preparing spawn area: 0%
[04:28:51] [Worker-Main-1/INFO]: Preparing spawn area: 0%
[04:28:51] [Worker-Main-1/INFO]: Preparing spawn area: 0%
[04:28:51] [Worker-Main-1/INFO]: Preparing spawn area: 0%
[04:28:51] [Worker-Main-1/INFO]: Preparing spawn area: 0%
[04:28:51] [Worker-Main-1/INFO]: Preparing spawn area: 0%
[04:28:51] [Worker-Main-1/INFO]: Preparing spawn area: 0%
[04:28:51] [Worker-Main-1/INFO]: Preparing spawn area: 0%
[04:28:51] [Worker-Main-1/INFO]: Preparing spawn area: 0%
[04:28:51] [Worker-Main-1/INFO]: Preparing spawn area: 0%
[04:28:52] [Worker-Main-1/INFO]: Preparing spawn area: 0%
[04:28:52] [Worker-Main-1/INFO]: Preparing spawn area: 0%
[04:28:53] [Worker-Main-1/INFO]: Preparing spawn area: 6%
[04:28:53] [Worker-Main-1/INFO]: Preparing spawn area: 61%
[04:28:54] [Server thread/INFO]: Time elapsed: 10296 ms
[04:28:54] [Server thread/INFO]: Done (18.452s)! For help, type "help"
[04:28:54] [Server thread/INFO]: Starting GS4 status listener
[04:28:54] [Server thread/INFO]: Thread Query Listener started
[04:28:54] [Query Listener #1/INFO]: Query running on 0.0.0.0:25565
[04:33:02] [Server thread/INFO]: [Not Secure] [Server] Shutting down
[04:33:02] [Server thread/INFO]: Stopping the server
[04:33:02] [Server thread/INFO]: Unknown or incomplete command, see below for error
[04:33:02] [Server thread/INFO]: exit<--[HERE]
[04:33:02] [Server thread/INFO]: Stopping server
[04:33:02] [Server thread/INFO]: Saving players
[04:33:02] [Server thread/INFO]: Saving worlds
[04:33:05] [Server thread/INFO]: Saving chunks for level 'ServerLevel[world]'/minecraft:overworld
[04:33:06] [Server thread/INFO]: Saving chunks for level 'ServerLevel[world]'/minecraft:the_end
[04:33:06] [Server thread/INFO]: Saving chunks for level 'ServerLevel[world]'/minecraft:the_nether
[04:33:06] [Server thread/INFO]: ThreadedAnvilChunkStorage (world): All chunks are saved
[04:33:06] [Server thread/INFO]: ThreadedAnvilChunkStorage (DIM1): All chunks are saved
[04:33:06] [Server thread/INFO]: ThreadedAnvilChunkStorage (DIM-1): All chunks are saved
[04:33:06] [Server thread/INFO]: ThreadedAnvilChunkStorage: All dimensions are saved
[04:33:06] [Server thread/INFO]: Thread Query Listener stopped
